2020-10-29 20:09:08.819  INFO 11324 --- [restartedMain] com.qingyuan.course.CourseApplication    : Starting CourseApplication on DESKTOP-CREHLL6 with PID 11324 (D:\项目工程\青鸢工作室\course\target\classes started by DongBlack in D:\项目工程\青鸢工作室\course)
2020-10-29 20:09:08.826  INFO 11324 --- [restartedMain] com.qingyuan.course.CourseApplication    : No active profile set, falling back to default profiles: default
2020-10-29 20:09:08.931  INFO 11324 --- [restartedMain] .e.DevToolsPropertyDefaultsPostProcessor : Devtools property defaults active! Set 'spring.devtools.add-properties' to 'false' to disable
2020-10-29 20:09:08.932  INFO 11324 --- [restartedMain] .e.DevToolsPropertyDefaultsPostProcessor : For additional web related logging consider setting the 'logging.level.web' property to 'DEBUG'
2020-10-29 20:09:11.247  INFO 11324 --- [restartedMain] o.s.b.w.embedded.tomcat.TomcatWebServer  : Tomcat initialized with port(s): 8080 (http)
2020-10-29 20:09:11.275  INFO 11324 --- [restartedMain] o.apache.catalina.core.StandardService   : Starting service [Tomcat]
2020-10-29 20:09:11.275  INFO 11324 --- [restartedMain] org.apache.catalina.core.StandardEngine  : Starting Servlet engine: [Apache Tomcat/9.0.38]
2020-10-29 20:09:11.278  INFO 11324 --- [restartedMain] o.a.catalina.core.AprLifecycleListener   : Loaded Apache Tomcat Native library [1.2.24] using APR version [1.7.0].
2020-10-29 20:09:11.279  INFO 11324 --- [restartedMain] o.a.catalina.core.AprLifecycleListener   : APR capabilities: IPv6 [true], sendfile [true], accept filters [false], random [true].
2020-10-29 20:09:11.279  INFO 11324 --- [restartedMain] o.a.catalina.core.AprLifecycleListener   : APR/OpenSSL configuration: useAprConnector [false], useOpenSSL [true]
2020-10-29 20:09:11.292  INFO 11324 --- [restartedMain] o.a.catalina.core.AprLifecycleListener   : OpenSSL successfully initialized [OpenSSL 1.1.1g  21 Apr 2020]
2020-10-29 20:09:11.407  INFO 11324 --- [restartedMain] o.a.c.c.C.[Tomcat].[localhost].[/]       : Initializing Spring embedded WebApplicationContext
2020-10-29 20:09:11.408  INFO 11324 --- [restartedMain] w.s.c.ServletWebServerApplicationContext : Root WebApplicationContext: initialization completed in 2476 ms
2020-10-29 20:09:12.594  INFO 11324 --- [restartedMain] o.s.s.concurrent.ThreadPoolTaskExecutor  : Initializing ExecutorService 'applicationTaskExecutor'
2020-10-29 20:09:12.905  INFO 11324 --- [restartedMain] o.s.b.d.a.OptionalLiveReloadServer       : LiveReload server is running on port 35729
2020-10-29 20:09:12.962  INFO 11324 --- [restartedMain] o.s.b.w.embedded.tomcat.TomcatWebServer  : Tomcat started on port(s): 8080 (http) with context path ''
2020-10-29 20:09:12.984  INFO 11324 --- [restartedMain] com.qingyuan.course.CourseApplication    : Started CourseApplication in 5.242 seconds (JVM running for 7.612)
2020-10-29 20:12:07.016  INFO 11324 --- [http-nio-8080-exec-1] o.a.c.c.C.[Tomcat].[localhost].[/]       : Initializing Spring DispatcherServlet 'dispatcherServlet'
2020-10-29 20:12:07.017  INFO 11324 --- [http-nio-8080-exec-1] o.s.web.servlet.DispatcherServlet        : Initializing Servlet 'dispatcherServlet'
2020-10-29 20:12:07.050  INFO 11324 --- [http-nio-8080-exec-1] o.s.web.servlet.DispatcherServlet        : Completed initialization in 32 ms
2020-10-29 20:12:07.139  INFO 11324 --- [http-nio-8080-exec-1] com.zaxxer.hikari.HikariDataSource       : HikariPool-1 - Starting...
2020-10-29 20:12:07.700  INFO 11324 --- [http-nio-8080-exec-1] com.zaxxer.hikari.HikariDataSource       : HikariPool-1 - Start completed.
2020-10-29 20:16:51.128  INFO 19408 --- [restartedMain] com.qingyuan.course.CourseApplication    : Starting CourseApplication on DESKTOP-CREHLL6 with PID 19408 (D:\项目工程\青鸢工作室\course\target\classes started by DongBlack in D:\项目工程\青鸢工作室\course)
2020-10-29 20:16:51.130  INFO 19408 --- [restartedMain] com.qingyuan.course.CourseApplication    : No active profile set, falling back to default profiles: default
2020-10-29 20:16:51.177  INFO 19408 --- [restartedMain] .e.DevToolsPropertyDefaultsPostProcessor : Devtools property defaults active! Set 'spring.devtools.add-properties' to 'false' to disable
2020-10-29 20:16:51.177  INFO 19408 --- [restartedMain] .e.DevToolsPropertyDefaultsPostProcessor : For additional web related logging consider setting the 'logging.level.web' property to 'DEBUG'
2020-10-29 20:16:52.462  INFO 19408 --- [restartedMain] o.s.b.w.embedded.tomcat.TomcatWebServer  : Tomcat initialized with port(s): 8080 (http)
2020-10-29 20:16:52.469  INFO 19408 --- [restartedMain] o.apache.catalina.core.StandardService   : Starting service [Tomcat]
2020-10-29 20:16:52.470  INFO 19408 --- [restartedMain] org.apache.catalina.core.StandardEngine  : Starting Servlet engine: [Apache Tomcat/9.0.38]
2020-10-29 20:16:52.473  INFO 19408 --- [restartedMain] o.a.catalina.core.AprLifecycleListener   : Loaded Apache Tomcat Native library [1.2.24] using APR version [1.7.0].
2020-10-29 20:16:52.473  INFO 19408 --- [restartedMain] o.a.catalina.core.AprLifecycleListener   : APR capabilities: IPv6 [true], sendfile [true], accept filters [false], random [true].
2020-10-29 20:16:52.473  INFO 19408 --- [restartedMain] o.a.catalina.core.AprLifecycleListener   : APR/OpenSSL configuration: useAprConnector [false], useOpenSSL [true]
2020-10-29 20:16:52.494  INFO 19408 --- [restartedMain] o.a.catalina.core.AprLifecycleListener   : OpenSSL successfully initialized [OpenSSL 1.1.1g  21 Apr 2020]
2020-10-29 20:16:52.551  INFO 19408 --- [restartedMain] o.a.c.c.C.[Tomcat].[localhost].[/]       : Initializing Spring embedded WebApplicationContext
2020-10-29 20:16:52.551  INFO 19408 --- [restartedMain] w.s.c.ServletWebServerApplicationContext : Root WebApplicationContext: initialization completed in 1374 ms
2020-10-29 20:16:53.017  INFO 19408 --- [restartedMain] o.s.s.concurrent.ThreadPoolTaskExecutor  : Initializing ExecutorService 'applicationTaskExecutor'
2020-10-29 20:16:53.163  INFO 19408 --- [restartedMain] o.s.b.d.a.OptionalLiveReloadServer       : LiveReload server is running on port 35729
2020-10-29 20:16:53.194  INFO 19408 --- [restartedMain] o.s.b.w.embedded.tomcat.TomcatWebServer  : Tomcat started on port(s): 8080 (http) with context path ''
2020-10-29 20:16:53.205  INFO 19408 --- [restartedMain] com.qingyuan.course.CourseApplication    : Started CourseApplication in 2.509 seconds (JVM running for 3.821)
2020-10-29 20:17:09.531  INFO 19408 --- [http-nio-8080-exec-1] o.a.c.c.C.[Tomcat].[localhost].[/]       : Initializing Spring DispatcherServlet 'dispatcherServlet'
2020-10-29 20:17:09.532  INFO 19408 --- [http-nio-8080-exec-1] o.s.web.servlet.DispatcherServlet        : Initializing Servlet 'dispatcherServlet'
2020-10-29 20:17:09.549  INFO 19408 --- [http-nio-8080-exec-1] o.s.web.servlet.DispatcherServlet        : Completed initialization in 17 ms
2020-10-29 20:17:09.573  INFO 19408 --- [http-nio-8080-exec-1] com.zaxxer.hikari.HikariDataSource       : HikariPool-1 - Starting...
2020-10-29 20:17:09.978  INFO 19408 --- [http-nio-8080-exec-1] com.zaxxer.hikari.HikariDataSource       : HikariPool-1 - Start completed.
2020-10-29 20:18:44.891  INFO 4108 --- [restartedMain] com.qingyuan.course.CourseApplication    : Starting CourseApplication on DESKTOP-CREHLL6 with PID 4108 (D:\项目工程\青鸢工作室\course\target\classes started by DongBlack in D:\项目工程\青鸢工作室\course)
2020-10-29 20:18:44.893  INFO 4108 --- [restartedMain] com.qingyuan.course.CourseApplication    : No active profile set, falling back to default profiles: default
2020-10-29 20:18:44.943  INFO 4108 --- [restartedMain] .e.DevToolsPropertyDefaultsPostProcessor : Devtools property defaults active! Set 'spring.devtools.add-properties' to 'false' to disable
2020-10-29 20:18:44.944  INFO 4108 --- [restartedMain] .e.DevToolsPropertyDefaultsPostProcessor : For additional web related logging consider setting the 'logging.level.web' property to 'DEBUG'
2020-10-29 20:18:45.891  INFO 4108 --- [restartedMain] o.s.b.w.embedded.tomcat.TomcatWebServer  : Tomcat initialized with port(s): 8080 (http)
2020-10-29 20:18:45.897  INFO 4108 --- [restartedMain] o.apache.catalina.core.StandardService   : Starting service [Tomcat]
2020-10-29 20:18:45.899  INFO 4108 --- [restartedMain] org.apache.catalina.core.StandardEngine  : Starting Servlet engine: [Apache Tomcat/9.0.38]
2020-10-29 20:18:45.901  INFO 4108 --- [restartedMain] o.a.catalina.core.AprLifecycleListener   : Loaded Apache Tomcat Native library [1.2.24] using APR version [1.7.0].
2020-10-29 20:18:45.901  INFO 4108 --- [restartedMain] o.a.catalina.core.AprLifecycleListener   : APR capabilities: IPv6 [true], sendfile [true], accept filters [false], random [true].
2020-10-29 20:18:45.901  INFO 4108 --- [restartedMain] o.a.catalina.core.AprLifecycleListener   : APR/OpenSSL configuration: useAprConnector [false], useOpenSSL [true]
2020-10-29 20:18:45.904  INFO 4108 --- [restartedMain] o.a.catalina.core.AprLifecycleListener   : OpenSSL successfully initialized [OpenSSL 1.1.1g  21 Apr 2020]
2020-10-29 20:18:45.960  INFO 4108 --- [restartedMain] o.a.c.c.C.[Tomcat].[localhost].[/]       : Initializing Spring embedded WebApplicationContext
2020-10-29 20:18:45.960  INFO 4108 --- [restartedMain] w.s.c.ServletWebServerApplicationContext : Root WebApplicationContext: initialization completed in 1016 ms
2020-10-29 20:18:46.332  INFO 4108 --- [restartedMain] o.s.s.concurrent.ThreadPoolTaskExecutor  : Initializing ExecutorService 'applicationTaskExecutor'
2020-10-29 20:18:46.484  INFO 4108 --- [restartedMain] o.s.b.d.a.OptionalLiveReloadServer       : LiveReload server is running on port 35729
2020-10-29 20:18:46.514  INFO 4108 --- [restartedMain] o.s.b.w.embedded.tomcat.TomcatWebServer  : Tomcat started on port(s): 8080 (http) with context path ''
2020-10-29 20:18:46.523  INFO 4108 --- [restartedMain] com.qingyuan.course.CourseApplication    : Started CourseApplication in 1.975 seconds (JVM running for 2.826)
2020-10-29 20:18:49.338  INFO 4108 --- [http-nio-8080-exec-2] o.a.c.c.C.[Tomcat].[localhost].[/]       : Initializing Spring DispatcherServlet 'dispatcherServlet'
2020-10-29 20:18:49.339  INFO 4108 --- [http-nio-8080-exec-2] o.s.web.servlet.DispatcherServlet        : Initializing Servlet 'dispatcherServlet'
2020-10-29 20:18:49.345  INFO 4108 --- [http-nio-8080-exec-2] o.s.web.servlet.DispatcherServlet        : Completed initialization in 6 ms
2020-10-29 20:18:49.372  INFO 4108 --- [http-nio-8080-exec-2] com.zaxxer.hikari.HikariDataSource       : HikariPool-1 - Starting...
2020-10-29 20:19:01.712  INFO 4108 --- [http-nio-8080-exec-2] com.zaxxer.hikari.HikariDataSource       : HikariPool-1 - Start completed.
